<?xml version="1.0" encoding="UTF-8"?>
<testsuite name="com.example.project.TestTriangle" tests="3" skipped="0" failures="0" errors="0" timestamp="2025-01-06T23:05:51" hostname="codespaces-c94ab1" time="0.06">
  <properties/>
  <testcase name="testConstructorAndGetVertices()" classname="com.example.project.TestTriangle" time="0.021"/>
  <testcase name="testTriangleInfo()" classname="com.example.project.TestTriangle" time="0.035"/>
  <testcase name="testPerimeter()" classname="com.example.project.TestTriangle" time="0.001"/>
  <system-out><![CDATA[]]></system-out>
  <system-err><![CDATA[]]></system-err>
</testsuite>
